<?xml version="1.0" encoding="UTF-8"?>
<testsuite xmlns:xsi="http://www.w3.org/2001/XMLSchema-instance" xsi:noNamespaceSchemaLocation="https://maven.apache.org/surefire/maven-surefire-plugin/xsd/surefire-test-report-3.0.xsd" version="3.0" name="com.usermanagement.api.controllers.AuthControllerTest" time="0.767" tests="2" errors="0" skipped="0" failures="0">
  <properties>
[...]
</properties>
  <testcase name="whenLogin_thenReturnToken" classname="com.usermanagement.api.controllers.AuthControllerTest" time="0.319">
    <system-out><![CDATA[2025-06-15T22:12:53.276+05:30  INFO 3915 --- [           main] t.c.s.AnnotationConfigContextLoaderUtils : Could not detect default configuration classes for test class [com.usermanagement.api.controllers.AuthControllerTest]: AuthControllerTest does not declare any static, non-private, non-final, nested classes annotated with @Configuration.
2025-06-15T22:12:53.280+05:30  INFO 3915 --- [           main] .b.t.c.SpringBootTestContextBootstrapper : Found @SpringBootConfiguration com.usermanagement.api.UserManagementApplication for test class com.usermanagement.api.controllers.AuthControllerTest

  .   ____          _            __ _ _
 /\\ / ___'_ __ _ _(_)_ __  __ _ \ \ \ \
( ( )\___ | '_ | '_| | '_ \/ _` | \ \ \ \
 \\/  ___)| |_)| | | | | || (_| |  ) ) ) )
  '  |____| .__|_| |_|_| |_\__, | / / / /
 =========|_|==============|___/=/_/_/_/
 :: Spring Boot ::                (v3.2.3)

2025-06-15T22:12:53.290+05:30  INFO 3915 --- [           main] c.u.api.controllers.AuthControllerTest   : Starting AuthControllerTest using Java 21.0.7 with PID 3915 (started by hariharan_cursor in /Users/hariharan_cursor/Documents/AI/workbook/AI/user-management-api)
2025-06-15T22:12:53.290+05:30 DEBUG 3915 --- [           main] c.u.api.controllers.AuthControllerTest   : Running with Spring Boot v3.2.3, Spring v6.1.4
2025-06-15T22:12:53.291+05:30  INFO 3915 --- [           main] c.u.api.controllers.AuthControllerTest   : No active profile set, falling back to 1 default profile: "default"
2025-06-15T22:12:53.360+05:30  INFO 3915 --- [           main] .s.d.r.c.RepositoryConfigurationDelegate : Bootstrapping Spring Data JPA repositories in DEFAULT mode.
2025-06-15T22:12:53.364+05:30  INFO 3915 --- [           main] .s.d.r.c.RepositoryConfigurationDelegate : Finished Spring Data repository scanning in 3 ms. Found 1 JPA repository interface.
2025-06-15T22:12:53.394+05:30  INFO 3915 --- [           main] o.hibernate.jpa.internal.util.LogHelper  : HHH000204: Processing PersistenceUnitInfo [name: default]
2025-06-15T22:12:53.395+05:30  INFO 3915 --- [           main] o.h.c.internal.RegionFactoryInitiator    : HHH000026: Second-level cache disabled
2025-06-15T22:12:53.397+05:30  INFO 3915 --- [           main] o.s.o.j.p.SpringPersistenceUnitInfo      : No LoadTimeWeaver setup: ignoring JPA class transformer
2025-06-15T22:12:53.398+05:30  INFO 3915 --- [           main] com.zaxxer.hikari.HikariDataSource       : HikariPool-2 - Starting...
2025-06-15T22:12:53.398+05:30  INFO 3915 --- [           main] com.zaxxer.hikari.pool.HikariPool        : HikariPool-2 - Added connection conn18: url=jdbc:h2:mem:testdb user=SA
2025-06-15T22:12:53.399+05:30  INFO 3915 --- [           main] com.zaxxer.hikari.HikariDataSource       : HikariPool-2 - Start completed.
2025-06-15T22:12:53.399+05:30  WARN 3915 --- [           main] org.hibernate.orm.deprecation            : HHH90000025: H2Dialect does not need to be specified explicitly using 'hibernate.dialect' (remove the property setting and it will be selected by default)
2025-06-15T22:12:53.431+05:30  INFO 3915 --- [           main] o.h.e.t.j.p.i.JtaPlatformInitiator       : HHH000489: No JTA platform available (set 'hibernate.transaction.jta.platform' to enable JTA platform integration)
Hibernate: 
    drop table if exists users cascade 
Hibernate: 
    create table users (
        enabled boolean not null,
        created_at timestamp(6) not null,
        id bigint generated by default as identity,
        updated_at timestamp(6),
        email varchar(255) not null unique,
        first_name varchar(255),
        last_name varchar(255),
        password varchar(255) not null,
        role varchar(255) not null check (role in ('USER','ADMIN')),
        primary key (id)
    )
2025-06-15T22:12:53.434+05:30  INFO 3915 --- [           main] j.LocalContainerEntityManagerFactoryBean : Initialized JPA EntityManagerFactory for persistence unit 'default'
2025-06-15T22:12:53.464+05:30  WARN 3915 --- [           main] JpaBaseConfiguration$JpaWebConfiguration : spring.jpa.open-in-view is enabled by default. Therefore, database queries may be performed during view rendering. Explicitly configure spring.jpa.open-in-view to disable this warning
2025-06-15T22:12:53.509+05:30  INFO 3915 --- [           main] o.s.s.web.DefaultSecurityFilterChain     : Will secure any request with [org.springframework.security.web.session.DisableEncodeUrlFilter@4fa4bb1b, org.springframework.security.web.context.request.async.WebAsyncManagerIntegrationFilter@3cbe3580, org.springframework.security.web.context.SecurityContextHolderFilter@e628ccb, org.springframework.security.web.header.HeaderWriterFilter@d4cde5, org.springframework.web.filter.CorsFilter@9dac6dc, org.springframework.security.web.authentication.logout.LogoutFilter@1c5de681, com.usermanagement.api.security.JwtAuthenticationFilter@38b98b0d, org.springframework.security.web.savedrequest.RequestCacheAwareFilter@363db8bc, org.springframework.security.web.servletapi.SecurityContextHolderAwareRequestFilter@10a0e07b, org.springframework.security.web.authentication.AnonymousAuthenticationFilter@f24f973, org.springframework.security.web.session.SessionManagementFilter@5979e188, org.springframework.security.web.access.ExceptionTranslationFilter@18b40a79, org.springframework.security.web.access.intercept.AuthorizationFilter@50cac642]
2025-06-15T22:12:53.557+05:30 DEBUG 3915 --- [           main] c.u.a.security.JwtAuthenticationFilter   : Filter 'jwtAuthenticationFilter' configured for use
2025-06-15T22:12:53.557+05:30  INFO 3915 --- [           main] o.s.b.t.m.w.SpringBootMockServletContext : Initializing Spring TestDispatcherServlet ''
2025-06-15T22:12:53.557+05:30  INFO 3915 --- [           main] o.s.t.web.servlet.TestDispatcherServlet  : Initializing Servlet ''
2025-06-15T22:12:53.558+05:30  INFO 3915 --- [           main] o.s.t.web.servlet.TestDispatcherServlet  : Completed initialization in 1 ms
2025-06-15T22:12:53.562+05:30  INFO 3915 --- [           main] c.u.api.controllers.AuthControllerTest   : Started AuthControllerTest in 0.28 seconds (process running for 5.951)
2025-06-15T22:12:53.566+05:30 DEBUG 3915 --- [           main] o.s.security.web.FilterChainProxy        : Securing POST /api/auth/register
2025-06-15T22:12:53.566+05:30 DEBUG 3915 --- [           main] o.s.s.w.a.AnonymousAuthenticationFilter  : Set SecurityContextHolder to anonymous SecurityContext
2025-06-15T22:12:53.566+05:30 DEBUG 3915 --- [           main] o.s.security.web.FilterChainProxy        : Secured POST /api/auth/register
Hibernate: 
    select
        u1_0.id,
        u1_0.created_at,
        u1_0.email,
        u1_0.enabled,
        u1_0.first_name,
        u1_0.last_name,
        u1_0.password,
        u1_0.role,
        u1_0.updated_at 
    from
        users u1_0 
    where
        u1_0.email=?
Hibernate: 
    insert 
    into
        users
        (created_at, email, enabled, first_name, last_name, password, role, updated_at, id) 
    values
        (?, ?, ?, ?, ?, ?, ?, ?, default)
Hibernate: 
    select
        u1_0.id,
        u1_0.created_at,
        u1_0.email,
        u1_0.enabled,
        u1_0.first_name,
        u1_0.last_name,
        u1_0.password,
        u1_0.role,
        u1_0.updated_at 
    from
        users u1_0 
    where
        u1_0.email=?
2025-06-15T22:12:53.797+05:30 DEBUG 3915 --- [           main] o.s.s.a.dao.DaoAuthenticationProvider    : Authenticated user
Hibernate: 
    select
        u1_0.id,
        u1_0.created_at,
        u1_0.email,
        u1_0.enabled,
        u1_0.first_name,
        u1_0.last_name,
        u1_0.password,
        u1_0.role,
        u1_0.updated_at 
    from
        users u1_0 
    where
        u1_0.email=?
2025-06-15T22:12:53.801+05:30 DEBUG 3915 --- [           main] o.s.security.web.FilterChainProxy        : Securing POST /api/auth/login
2025-06-15T22:12:53.801+05:30 DEBUG 3915 --- [           main] o.s.s.w.a.AnonymousAuthenticationFilter  : Set SecurityContextHolder to anonymous SecurityContext
2025-06-15T22:12:53.801+05:30 DEBUG 3915 --- [           main] o.s.security.web.FilterChainProxy        : Secured POST /api/auth/login
Hibernate: 
    select
        u1_0.id,
        u1_0.created_at,
        u1_0.email,
        u1_0.enabled,
        u1_0.first_name,
        u1_0.last_name,
        u1_0.password,
        u1_0.role,
        u1_0.updated_at 
    from
        users u1_0 
    where
        u1_0.email=?
2025-06-15T22:12:53.878+05:30 DEBUG 3915 --- [           main] o.s.s.a.dao.DaoAuthenticationProvider    : Authenticated user
Hibernate: 
    select
        u1_0.id,
        u1_0.created_at,
        u1_0.email,
        u1_0.enabled,
        u1_0.first_name,
        u1_0.last_name,
        u1_0.password,
        u1_0.role,
        u1_0.updated_at 
    from
        users u1_0 
    where
        u1_0.email=?
Hibernate: 
    select
        u1_0.id,
        u1_0.created_at,
        u1_0.email,
        u1_0.enabled,
        u1_0.first_name,
        u1_0.last_name,
        u1_0.password,
        u1_0.role,
        u1_0.updated_at 
    from
        users u1_0 
    where
        u1_0.email=?
]]></system-out>
  </testcase>
  <testcase name="whenRegister_thenReturnToken" classname="com.usermanagement.api.controllers.AuthControllerTest" time="0.158">
    <system-out><![CDATA[2025-06-15T22:12:53.884+05:30 DEBUG 3915 --- [           main] o.s.security.web.FilterChainProxy        : Securing POST /api/auth/register
2025-06-15T22:12:53.885+05:30 DEBUG 3915 --- [           main] o.s.s.w.a.AnonymousAuthenticationFilter  : Set SecurityContextHolder to anonymous SecurityContext
2025-06-15T22:12:53.885+05:30 DEBUG 3915 --- [           main] o.s.security.web.FilterChainProxy        : Secured POST /api/auth/register
Hibernate: 
    select
        u1_0.id,
        u1_0.created_at,
        u1_0.email,
        u1_0.enabled,
        u1_0.first_name,
        u1_0.last_name,
        u1_0.password,
        u1_0.role,
        u1_0.updated_at 
    from
        users u1_0 
    where
        u1_0.email=?
Hibernate: 
    insert 
    into
        users
        (created_at, email, enabled, first_name, last_name, password, role, updated_at, id) 
    values
        (?, ?, ?, ?, ?, ?, ?, ?, default)
Hibernate: 
    select
        u1_0.id,
        u1_0.created_at,
        u1_0.email,
        u1_0.enabled,
        u1_0.first_name,
        u1_0.last_name,
        u1_0.password,
        u1_0.role,
        u1_0.updated_at 
    from
        users u1_0 
    where
        u1_0.email=?
2025-06-15T22:12:54.037+05:30 DEBUG 3915 --- [           main] o.s.s.a.dao.DaoAuthenticationProvider    : Authenticated user
Hibernate: 
    select
        u1_0.id,
        u1_0.created_at,
        u1_0.email,
        u1_0.enabled,
        u1_0.first_name,
        u1_0.last_name,
        u1_0.password,
        u1_0.role,
        u1_0.updated_at 
    from
        users u1_0 
    where
        u1_0.email=?
]]></system-out>
  </testcase>
</testsuite>